[debug] [2018-02-23T08:18:20.280Z] ----------------------------------------------------------------------
[debug] [2018-02-23T08:18:20.282Z] Command:       /usr/local/Cellar/node/9.3.0/bin/node /usr/local/bin/firebase serve --only functions
[debug] [2018-02-23T08:18:20.282Z] CLI Version:   3.17.4
[debug] [2018-02-23T08:18:20.283Z] Platform:      darwin
[debug] [2018-02-23T08:18:20.283Z] Node Version:  v9.3.0
[debug] [2018-02-23T08:18:20.283Z] Time:          Fri Feb 23 2018 00:18:20 GMT-0800 (PST)
[debug] [2018-02-23T08:18:20.283Z] ----------------------------------------------------------------------
[debug] 
[debug] [2018-02-23T08:18:20.296Z] > command requires scopes: ["email","openid","https://www.googleapis.com/auth/cloudplatformprojects.readonly","https://www.googleapis.com/auth/firebase","https://www.googleapis.com/auth/cloud-platform"]
[debug] [2018-02-23T08:18:20.296Z] > authorizing via signed-in user
[debug] [2018-02-23T08:18:20.297Z] >>> HTTP REQUEST GET https://admin.firebase.com/v1/projects/draw-teams  
  
 Fri Feb 23 2018 00:18:20 GMT-0800 (PST)
[debug] [2018-02-23T08:18:23.774Z] <<< HTTP RESPONSE 200
[debug] [2018-02-23T08:18:23.775Z] >>> HTTP REQUEST GET https://admin.firebase.com/v1/database/draw-teams/tokens  
  
 Fri Feb 23 2018 00:18:23 GMT-0800 (PST)
[debug] [2018-02-23T08:18:24.347Z] <<< HTTP RESPONSE 200
[info] 
[info] === Serving from '/Users/Shared/Projects/react-native/Draw-teams-functions'...
[info] 
[info] i  functions: Preparing to emulate functions.
[debug] [2018-02-23T08:18:24.696Z] Fetching environment
[debug] [2018-02-23T08:18:24.698Z] >>> HTTP REQUEST GET https://appengine.googleapis.com/v1/apps/draw-teams  
  
 Fri Feb 23 2018 00:18:24 GMT-0800 (PST)
[debug] [2018-02-23T08:18:24.698Z] >>> HTTP REQUEST GET https://apikeys.googleapis.com/v1/projects/draw-teams/apiKeys  
  
 Fri Feb 23 2018 00:18:24 GMT-0800 (PST)
[debug] [2018-02-23T08:18:24.870Z] <<< HTTP RESPONSE 200
[debug] [2018-02-23T08:18:25.312Z] <<< HTTP RESPONSE 200
[debug] [2018-02-23T08:18:25.312Z] Starting @google-cloud/functions-emulator
[debug] [2018-02-23T08:18:26.364Z] Parsing function triggers
[info] ✔  functions: app: http://localhost:5000/draw-teams/us-central1/app
