[debug] [2018-04-26T06:31:53.946Z] ----------------------------------------------------------------------
[debug] [2018-04-26T06:31:53.948Z] Command:       /usr/local/Cellar/node/9.3.0/bin/node /usr/local/bin/firebase serve --only functions
[debug] [2018-04-26T06:31:53.948Z] CLI Version:   3.18.4
[debug] [2018-04-26T06:31:53.948Z] Platform:      darwin
[debug] [2018-04-26T06:31:53.948Z] Node Version:  v9.3.0
[debug] [2018-04-26T06:31:53.949Z] Time:          Wed Apr 25 2018 23:31:53 GMT-0700 (PDT)
[debug] [2018-04-26T06:31:53.949Z] ----------------------------------------------------------------------
[debug] 
[debug] [2018-04-26T06:31:53.960Z] > command requires scopes: ["email","openid","https://www.googleapis.com/auth/cloudplatformprojects.readonly","https://www.googleapis.com/auth/firebase","https://www.googleapis.com/auth/cloud-platform"]
[debug] [2018-04-26T06:31:53.960Z] > authorizing via signed-in user
[debug] [2018-04-26T06:31:53.962Z] >>> HTTP REQUEST GET https://admin.firebase.com/v1/projects/draw-teams  
  
 Wed Apr 25 2018 23:31:53 GMT-0700 (PDT)
[debug] [2018-04-26T06:31:54.292Z] <<< HTTP RESPONSE 200
[debug] [2018-04-26T06:31:54.292Z] >>> HTTP REQUEST GET https://admin.firebase.com/v1/database/draw-teams/tokens  
  
 Wed Apr 25 2018 23:31:54 GMT-0700 (PDT)
[debug] [2018-04-26T06:31:54.639Z] <<< HTTP RESPONSE 200
[debug] [2018-04-26T06:31:54.640Z] >>> HTTP REQUEST GET https://cloudresourcemanager.googleapis.com/v1/projects/draw-teams  
  
 Wed Apr 25 2018 23:31:54 GMT-0700 (PDT)
[debug] [2018-04-26T06:31:54.911Z] <<< HTTP RESPONSE 200
[info] 
[info] === Serving from '/Users/Shared/Projects/react-native/Draw-teams-functions'...
[info] 
[info] i  functions: Preparing to emulate functions.
[debug] [2018-04-26T06:31:55.696Z] Fetching environment
[debug] [2018-04-26T06:31:55.698Z] >>> HTTP REQUEST GET https://mobilesdk-pa.googleapis.com/v1/projects/853780675945:getServerAppConfig  
  
 Wed Apr 25 2018 23:31:55 GMT-0700 (PDT)
[debug] [2018-04-26T06:31:56.203Z] <<< HTTP RESPONSE 200
[debug] [2018-04-26T06:31:56.203Z] Starting @google-cloud/functions-emulator
[debug] [2018-04-26T06:31:57.756Z] Parsing function triggers
[info] i  functions: No HTTPS functions found. Use firebase functions:shell if you would like to emulate other types of functions.
[info] i  functions: No HTTPS functions found. Use firebase functions:shell if you would like to emulate other types of functions.
[info] ✔  functions: app: http://localhost:5000/draw-teams/us-central1/app
